SmartCardApp/app/build/intermediates/manifest_merge_blame_file/debug/manifest-merger-blame-debug-report.txt
1<?xml version="1.0" encoding="utf-8"?>
2<manifest xmlns:android="http://schemas.android.com/apk/res/android"
3    package="com.example.smartcardapp"
4    android:versionCode="1"
5    android:versionName="1.0.0.1" >
6
7    <uses-sdk
8        android:minSdkVersion="14"
8-->src\main\AndroidManifest.xml
9        android:targetSdkVersion="29" />
9-->src\main\AndroidManifest.xml
10
11    <application
11-->src\main\AndroidManifest.xml:9:5-29:19
12        android:allowBackup="true"
12-->src\main\AndroidManifest.xml:10:9-35
13        android:appComponentFactory="android.support.v4.app.CoreComponentFactory"
13-->[com.android.support:support-compat:28.0.0] AndroidManifest.xml:22:18-91
14        android:debuggable="true"
15        android:icon="@drawable/ic_launcher"
15-->src\main\AndroidManifest.xml:11:9-45
16        android:label="@string/app_name"
16-->src\main\AndroidManifest.xml:12:9-41
17        android:theme="@style/AppTheme" >
17-->src\main\AndroidManifest.xml:13:9-40
18        <activity
18-->src\main\AndroidManifest.xml:14:9-28:21
19            android:name="com.example.smartcardapp.TestActivity"
19-->src\main\AndroidManifest.xml:15:13-41
20            android:label="@string/app_name" >
20-->src\main\AndroidManifest.xml:16:13-45
21            <intent-filter>
21-->src\main\AndroidManifest.xml:17:13-21:29
22                <action android:name="android.intent.action.MAIN" />
22-->src\main\AndroidManifest.xml:18:17-69
22-->src\main\AndroidManifest.xml:18:25-66
23
24                <category android:name="android.intent.category.LAUNCHER" />
24-->src\main\AndroidManifest.xml:20:17-77
24-->src\main\AndroidManifest.xml:20:27-74
25            </intent-filter>
26            <intent-filter>
26-->src\main\AndroidManifest.xml:23:13-25:26
27                <action android:name="android.hardware.usb.action.USB_DEVICE_DETACHED" />
27-->src\main\AndroidManifest.xml:24:14-87
27-->src\main\AndroidManifest.xml:24:22-84
28            </intent-filter>
29
30            <meta-data
30-->src\main\AndroidManifest.xml:26:10-27:53
31                android:name="android.hardware.usb.action.USB_DEVICE_DETACHED"
31-->src\main\AndroidManifest.xml:26:21-83
32                android:resource="@xml/device_filter" />
32-->src\main\AndroidManifest.xml:27:13-50
33        </activity>
34    </application>
35
36</manifest>